<?xml version="1.0" encoding="UTF-8"?>
<testsuite xmlns:xsi="http://www.w3.org/2001/XMLSchema-instance" xsi:noNamespaceSchemaLocation="https://maven.apache.org/surefire/maven-surefire-plugin/xsd/surefire-test-report.xsd" name="com.mangahub.user.AuthServiceTest" time="0.045" tests="4" errors="0" skipped="0" failures="0">
  <properties>
[...]
</properties>
  <testcase name="testRegisterAndLoginWithExistingUser" classname="com.mangahub.user.AuthServiceTest" time="0.027"/>
  <testcase name="testLoginWithNonExistentUser" classname="com.mangahub.user.AuthServiceTest" time="0"/>
  <testcase name="testRegisterAndLoginWithInvalidCredentials" classname="com.mangahub.user.AuthServiceTest" time="0.001"/>
  <testcase name="testRegisterAndLogin" classname="com.mangahub.user.AuthServiceTest" time="0.004"/>
</testsuite>